This is e-pTeX, Version 3.14159265-p3.5-130605-2.6 (utf8.euc) (TeX Live 2015/dev/Debian) (preloaded format=platex 2017.4.4)  17 APR 2017 16:51
entering extended mode
 restricted \write18 enabled.
 %&-line parsing enabled.
**specification.tex
(./specification.tex
pLaTeX2e <2006/11/10> (based on LaTeX2e <2014/05/01> patch level 0)
Babel <3.9l> and hyphenation patterns for 11 languages loaded.
(sty/extarticlej.cls
Document Class: extarticlej 1996/10/08 v1.0 Non Standard LaTeX document class
(/usr/share/texlive/texmf-dist/tex/latex/base/fleqn.clo
File: fleqn.clo 1998/08/17 v1.1c Standard LaTeX option (flush left equations)
\mathindent=\dimen118
)
(/usr/share/texlive/texmf-dist/tex/latex/extsizes/size14.clo
File: size14.clo 1999/11/11 v1.4a NON-Standard LaTeX file (size option)
)
(/usr/share/texlive/texmf-dist/tex/latex/base/exscale.sty
Package: exscale 2014/09/29 v2.1h Standard LaTeX package exscale
LaTeX Font Info:    Redeclaring symbol font `largesymbols' on input line 52.
LaTeX Font Info:    Overwriting symbol font `largesymbols' in version `normal'
(Font)                  OMX/cmex/m/n --> OMX/cmex/m/n on input line 52.
LaTeX Font Info:    Overwriting symbol font `largesymbols' in version `bold'
(Font)                  OMX/cmex/m/n --> OMX/cmex/m/n on input line 52.
\big@size=\dimen119
)
\c@part=\count81
\c@section=\count82
\c@subsection=\count83
\c@subsubsection=\count84
\c@paragraph=\count85
\c@subparagraph=\count86
\c@figure=\count87
\c@table=\count88
\abovecaptionskip=\skip41
\belowcaptionskip=\skip42
\bibindent=\dimen120
)
(/usr/share/texlive/texmf-dist/tex/latex/graphics/graphicx.sty
Package: graphicx 2014/04/25 v1.0g Enhanced LaTeX Graphics (DPC,SPQR)

(/usr/share/texlive/texmf-dist/tex/latex/graphics/keyval.sty
Package: keyval 2014/05/08 v1.15 key=value parser (DPC)
\KV@toks@=\toks15
)
(/usr/share/texlive/texmf-dist/tex/latex/graphics/graphics.sty
Package: graphics 2009/02/05 v1.0o Standard LaTeX Graphics (DPC,SPQR)

(/usr/share/texlive/texmf-dist/tex/latex/graphics/trig.sty
Package: trig 1999/03/16 v1.09 sin cos tan (DPC)
)
(/usr/share/texlive/texmf-dist/tex/latex/latexconfig/graphics.cfg
File: graphics.cfg 2010/04/23 v1.9 graphics configuration of TeX Live
)
Package graphics Info: Driver file: dvipdfmx.def on input line 91.

(/usr/share/texlive/texmf-dist/tex/latex/dvipdfmx-def/dvipdfmx.def
File: dvipdfmx.def 2014/07/25 v4.03 LaTeX color/graphics driver for dvipdfmx (T
eX Live/ChoF)
))
\Gin@req@height=\dimen121
\Gin@req@width=\dimen122
)
(/usr/share/texlive/texmf-dist/tex/latex/tools/indentfirst.sty
Package: indentfirst 1995/11/23 v1.03 Indent first paragraph (DPC)
)
(/usr/share/texlive/texmf-dist/tex/latex/comment/comment.sty
\CommentStream=\write3

Excluding comment 'comment')
(/usr/share/texlive/texmf-dist/tex/latex/url/url.sty
\Urlmuskip=\muskip10
Package: url 2013/09/16  ver 3.4  Verb mode for urls, etc.
) (sty/jtygm.sty
Package: jtygm 1998/06/12 based on v1.3 KANJI font defines
)
(sty/nutils.sty
Package: nutils 2014/11/22 v1.0 by Yoshinari Nomura
) (./specification.aux)
\openout1 = `specification.aux'.

LaTeX Font Info:    Checking defaults for OML/cmm/m/it on input line 24.
LaTeX Font Info:    ... okay on input line 24.
LaTeX Font Info:    Checking defaults for T1/cmr/m/n on input line 24.
LaTeX Font Info:    ... okay on input line 24.
LaTeX Font Info:    Checking defaults for OT1/cmr/m/n on input line 24.
LaTeX Font Info:    ... okay on input line 24.
LaTeX Font Info:    Checking defaults for OMS/cmsy/m/n on input line 24.
LaTeX Font Info:    ... okay on input line 24.
LaTeX Font Info:    Checking defaults for OMX/cmex/m/n on input line 24.
LaTeX Font Info:    ... okay on input line 24.
LaTeX Font Info:    Checking defaults for U/cmr/m/n on input line 24.
LaTeX Font Info:    ... okay on input line 24.
LaTeX Font Info:    Checking defaults for JY1/mc/m/n on input line 24.
LaTeX Font Info:    ... okay on input line 24.
LaTeX Font Info:    Checking defaults for JT1/mc/m/n on input line 24.
LaTeX Font Info:    ... okay on input line 24.
 [1

]
Overfull \hbox (15.13763pt too wide) in paragraph at lines 72--73
[]\JY1/mc/m/n/14.4 　上記の情報は \OT1/cmr/m/n/14.4 Googole Maps Geocod-ing API
[[]]\JY1/mc/m/n/14.4 ， \OT1/cmr/m/n/14.4 Google Places API[[]]\JY1/mc/m/n/14.4
 ， \OT1/cmr/m/n/14.4 Googole
 []

LaTeX Font Info:    External font `cmex7' loaded for size
(Font)              <7> on input line 91.
[2] [3] [4]
Overfull \hbox (0.66475pt too wide) in paragraph at lines 211--213
[]$\OT1/cmr/m/n/14.4 https : / / developers . google . com / maps / documentati
on / static-[]maps / get-[]api-[]key$ 
 []

[5] [6] (./specification.bbl
Underfull \hbox (badness 10000) in paragraph at lines 4--7
\OMS/cmsy/m/n/14.4 h$\OT1/cmr/m/n/14.4 https://developers.google.com/maps/docum
entation/geocoding/start$\OMS/cmsy/m/n/14.4 i$ \OT1/cmr/m/n/14.4 (ac-
 []


Underfull \hbox (badness 8151) in paragraph at lines 9--11
[]\OT1/cmr/m/n/14.4 Google Inc.: Google Places API, Google (on-line), avail-abl
e from
 []


Underfull \hbox (badness 1454) in paragraph at lines 13--16
[]\OT1/cmr/m/n/14.4 Google Inc.: Google Static Maps API, Google (on-line), avai
l-able from
 []


Underfull \hbox (badness 6910) in paragraph at lines 13--16
\OMS/cmsy/m/n/14.4 h$\OT1/cmr/m/n/14.4 https://developers.google.com/maps/docum
entation/static-maps/$\OMS/cmsy/m/n/14.4 i$ \OT1/cmr/m/n/14.4 (ac-cessed
 []

) [7] (./specification.aux) ) 
Here is how much of TeX's memory you used:
 786 strings out of 494934
 11696 string characters out of 6180150
 65977 words of memory out of 5000000
 4168 multiletter control sequences out of 15000+600000
 13355 words of font info for 54 fonts, out of 8000000 for 9000
 264 hyphenation exceptions out of 8191
 25i,8n,24p,348b,350s stack positions out of 5000i,500n,10000p,200000b,80000s

Output written on specification.dvi (7 pages, 15768 bytes).
